This file contains any messages produced by compilers while
running configure, to aid debugging if configure makes a mistake.

It was created by inotify-tools configure 3.14, which was
generated by GNU Autoconf 2.68.  Invocation command line was

  $ ./configure --prefix=/usr

## --------- ##
## Platform. ##
## --------- ##

hostname = erik-laptop
uname -m = i686
uname -r = 3.5.4-1-ARCH
uname -s = Linux
uname -v = #1 SMP PREEMPT Sat Sep 15 13:04:04 UTC 2012

/usr/bin/uname -p = unknown
/bin/uname -X     = unknown

/bin/arch              = unknown
/usr/bin/arch -k       = unknown
/usr/convex/getsysinfo = unknown
/usr/bin/hostinfo      = unknown
/bin/machine           = unknown
/usr/bin/oslevel       = unknown
/bin/universe          = unknown

PATH: /usr/local/bin
PATH: /usr/bin
PATH: /bin
PATH: /usr/local/sbin
PATH: /usr/sbin
PATH: /sbin
PATH: /opt/cuda-toolkit/bin
PATH: /opt/java/bin
PATH: /opt/java/db/bin
PATH: /opt/java/jre/bin
PATH: /usr/bin/vendor_perl
PATH: /usr/lib/perl5/vendor_perl/bin
PATH: /usr/bin/core_perl
PATH: /home/erik/scripts


## ----------- ##
## Core tests. ##
## ----------- ##

configure:2232: checking for a BSD-compatible install
configure:2300: result: /usr/bin/install -c
configure:2311: checking whether build environment is sane
configure:2361: result: yes
configure:2502: checking for a thread-safe mkdir -p
configure:2541: result: /usr/bin/mkdir -p
configure:2554: checking for gawk
configure:2570: found /usr/bin/gawk
configure:2581: result: gawk
configure:2592: checking whether make sets $(MAKE)
configure:2614: result: yes
configure:2703: checking whether make sets $(MAKE)
configure:2725: result: yes
configure:2784: checking for gcc
configure:2800: found /usr/bin/gcc
configure:2811: result: gcc
configure:3040: checking for C compiler version
configure:3049: gcc --version >&5
gcc (GCC) 4.7.1 20120721 (prerelease)
Copyright (C) 2012 Free Software Foundation, Inc.
This is free software; see the source for copying conditions.  There is NO
warranty; not even for MERCHANTABILITY or FITNESS FOR A PARTICULAR PURPOSE.

configure:3060: $? = 0
configure:3049: gcc -v >&5
Using built-in specs.
COLLECT_GCC=gcc
COLLECT_LTO_WRAPPER=/usr/lib/gcc/i686-pc-linux-gnu/4.7.1/lto-wrapper
Target: i686-pc-linux-gnu
Configured with: /build/src/gcc-4.7-20120721/configure --prefix=/usr --libdir=/usr/lib --libexecdir=/usr/lib --mandir=/usr/share/man --infodir=/usr/share/info --with-bugurl=https://bugs.archlinux.org/ --enable-languages=c,c++,ada,fortran,go,lto,objc,obj-c++ --enable-shared --enable-threads=posix --with-system-zlib --enable-__cxa_atexit --disable-libunwind-exceptions --enable-clocale=gnu --disable-libstdcxx-pch --enable-libstdcxx-time --enable-gnu-unique-object --enable-linker-build-id --with-ppl --enable-cloog-backend=isl --disable-ppl-version-check --disable-cloog-version-check --enable-lto --enable-gold --enable-ld=default --enable-plugin --with-plugin-ld=ld.gold --with-linker-hash-style=gnu --disable-multilib --disable-libssp --disable-build-with-cxx --disable-build-poststage1-with-cxx --enable-checking=release
Thread model: posix
gcc version 4.7.1 20120721 (prerelease) (GCC) 
configure:3060: $? = 0
configure:3049: gcc -V >&5
gcc: error: unrecognized command line option '-V'
gcc: fatal error: no input files
compilation terminated.
configure:3060: $? = 1
configure:3049: gcc -qversion >&5
gcc: error: unrecognized command line option '-qversion'
gcc: fatal error: no input files
compilation terminated.
configure:3060: $? = 1
configure:3080: checking whether the C compiler works
configure:3102: gcc    conftest.c  >&5
configure:3106: $? = 0
configure:3154: result: yes
configure:3157: checking for C compiler default output file name
configure:3159: result: a.out
configure:3165: checking for suffix of executables
configure:3172: gcc -o conftest    conftest.c  >&5
configure:3176: $? = 0
configure:3198: result: 
configure:3220: checking whether we are cross compiling
configure:3228: gcc -o conftest    conftest.c  >&5
configure:3232: $? = 0
configure:3239: ./conftest
configure:3243: $? = 0
configure:3258: result: no
configure:3263: checking for suffix of object files
configure:3285: gcc -c   conftest.c >&5
configure:3289: $? = 0
configure:3310: result: o
configure:3314: checking whether we are using the GNU C compiler
configure:3333: gcc -c   conftest.c >&5
configure:3333: $? = 0
configure:3342: result: yes
configure:3351: checking whether gcc accepts -g
configure:3371: gcc -c -g  conftest.c >&5
configure:3371: $? = 0
configure:3412: result: yes
configure:3429: checking for gcc option to accept ISO C89
configure:3493: gcc  -c -g -O2  conftest.c >&5
configure:3493: $? = 0
configure:3506: result: none needed
configure:3537: checking for style of include used by make
configure:3565: result: GNU
configure:3591: checking dependency style of gcc
configure:3702: result: gcc3
configure:3746: checking build system type
configure:3760: result: i686-pc-linux-gnu
configure:3780: checking host system type
configure:3793: result: i686-pc-linux-gnu
configure:3834: checking how to print strings
configure:3861: result: printf
configure:3882: checking for a sed that does not truncate output
configure:3946: result: /bin/sed
configure:3964: checking for grep that handles long lines and -e
configure:4022: result: /usr/bin/grep
configure:4027: checking for egrep
configure:4089: result: /usr/bin/grep -E
configure:4094: checking for fgrep
configure:4156: result: /usr/bin/grep -F
configure:4191: checking for ld used by gcc
configure:4258: result: /usr/bin/ld
configure:4265: checking if the linker (/usr/bin/ld) is GNU ld
configure:4280: result: yes
configure:4292: checking for BSD- or MS-compatible name lister (nm)
configure:4341: result: /usr/bin/nm -B
configure:4471: checking the name lister (/usr/bin/nm -B) interface
configure:4478: gcc -c -g -O2  conftest.c >&5
configure:4481: /usr/bin/nm -B "conftest.o"
configure:4484: output
00000000 B some_variable
configure:4491: result: BSD nm
configure:4494: checking whether ln -s works
configure:4498: result: yes
configure:4506: checking the maximum length of command line arguments
configure:4636: result: 1572864
configure:4653: checking whether the shell understands some XSI constructs
configure:4663: result: yes
configure:4667: checking whether the shell understands "+="
configure:4673: result: yes
configure:4708: checking how to convert i686-pc-linux-gnu file names to i686-pc-linux-gnu format
configure:4748: result: func_convert_file_noop
configure:4755: checking how to convert i686-pc-linux-gnu file names to toolchain format
configure:4775: result: func_convert_file_noop
configure:4782: checking for /usr/bin/ld option to reload object files
configure:4789: result: -r
configure:4863: checking for objdump
configure:4879: found /usr/bin/objdump
configure:4890: result: objdump
configure:4922: checking how to recognize dependent libraries
configure:5124: result: pass_all
configure:5209: checking for dlltool
configure:5239: result: no
configure:5269: checking how to associate runtime and link libraries
configure:5296: result: printf %s\n
configure:5357: checking for ar
configure:5373: found /usr/bin/ar
configure:5384: result: ar
configure:5421: checking for archiver @FILE support
configure:5438: gcc -c -g -O2  conftest.c >&5
configure:5438: $? = 0
configure:5441: ar cru libconftest.a @conftest.lst >&5
configure:5444: $? = 0
configure:5449: ar cru libconftest.a @conftest.lst >&5
ar: conftest.o: No such file or directory
configure:5452: $? = 1
configure:5464: result: @
configure:5522: checking for strip
configure:5538: found /usr/bin/strip
configure:5549: result: strip
configure:5621: checking for ranlib
configure:5637: found /usr/bin/ranlib
configure:5648: result: ranlib
configure:5750: checking command to parse /usr/bin/nm -B output from gcc object
configure:5870: gcc -c -g -O2  conftest.c >&5
configure:5873: $? = 0
configure:5877: /usr/bin/nm -B conftest.o \| sed -n -e 's/^.*[ ]\([ABCDGIRSTW][ABCDGIRSTW]*\)[ ][ ]*\([_A-Za-z][_A-Za-z0-9]*\)$/\1 \2 \2/p' | sed '/ __gnu_lto/d' \> conftest.nm
configure:5880: $? = 0
configure:5946: gcc -o conftest -g -O2   conftest.c conftstm.o >&5
configure:5949: $? = 0
configure:5987: result: ok
configure:6024: checking for sysroot
configure:6054: result: no
configure:6310: checking for mt
configure:6340: result: no
configure:6360: checking if : is a manifest tool
configure:6366: : '-?'
configure:6374: result: no
configure:7016: checking how to run the C preprocessor
configure:7047: gcc -E  conftest.c
configure:7047: $? = 0
configure:7061: gcc -E  conftest.c
conftest.c:12:28: fatal error: ac_nonexistent.h: No such file or directory
compilation terminated.
configure:7061: $? = 1
configure: failed program was:
| /* confdefs.h */
| #define PACKAGE_NAME "inotify-tools"
| #define PACKAGE_TARNAME "inotify-tools"
| #define PACKAGE_VERSION "3.14"
| #define PACKAGE_STRING "inotify-tools 3.14"
| #define PACKAGE_BUGREPORT "rvoicilas@gmail.com"
| #define PACKAGE_URL ""
| #define PACKAGE "inotify-tools"
| #define VERSION "3.14"
| #define _GNU_SOURCE /**/
| /* end confdefs.h.  */
| #include <ac_nonexistent.h>
configure:7086: result: gcc -E
configure:7106: gcc -E  conftest.c
configure:7106: $? = 0
configure:7120: gcc -E  conftest.c
conftest.c:12:28: fatal error: ac_nonexistent.h: No such file or directory
compilation terminated.
configure:7120: $? = 1
configure: failed program was:
| /* confdefs.h */
| #define PACKAGE_NAME "inotify-tools"
| #define PACKAGE_TARNAME "inotify-tools"
| #define PACKAGE_VERSION "3.14"
| #define PACKAGE_STRING "inotify-tools 3.14"
| #define PACKAGE_BUGREPORT "rvoicilas@gmail.com"
| #define PACKAGE_URL ""
| #define PACKAGE "inotify-tools"
| #define VERSION "3.14"
| #define _GNU_SOURCE /**/
| /* end confdefs.h.  */
| #include <ac_nonexistent.h>
configure:7149: checking for ANSI C header files
configure:7169: gcc -c -g -O2  conftest.c >&5
configure:7169: $? = 0
configure:7242: gcc -o conftest -g -O2   conftest.c  >&5
configure:7242: $? = 0
configure:7242: ./conftest
configure:7242: $? = 0
configure:7253: result: yes
configure:7266: checking for sys/types.h
configure:7266: gcc -c -g -O2  conftest.c >&5
configure:7266: $? = 0
configure:7266: result: yes
configure:7266: checking for sys/stat.h
configure:7266: gcc -c -g -O2  conftest.c >&5
configure:7266: $? = 0
configure:7266: result: yes
configure:7266: checking for stdlib.h
configure:7266: gcc -c -g -O2  conftest.c >&5
configure:7266: $? = 0
configure:7266: result: yes
configure:7266: checking for string.h
configure:7266: gcc -c -g -O2  conftest.c >&5
configure:7266: $? = 0
configure:7266: result: yes
configure:7266: checking for memory.h
configure:7266: gcc -c -g -O2  conftest.c >&5
configure:7266: $? = 0
configure:7266: result: yes
configure:7266: checking for strings.h
configure:7266: gcc -c -g -O2  conftest.c >&5
configure:7266: $? = 0
configure:7266: result: yes
configure:7266: checking for inttypes.h
configure:7266: gcc -c -g -O2  conftest.c >&5
configure:7266: $? = 0
configure:7266: result: yes
configure:7266: checking for stdint.h
configure:7266: gcc -c -g -O2  conftest.c >&5
configure:7266: $? = 0
configure:7266: result: yes
configure:7266: checking for unistd.h
configure:7266: gcc -c -g -O2  conftest.c >&5
configure:7266: $? = 0
configure:7266: result: yes
configure:7280: checking for dlfcn.h
configure:7280: gcc -c -g -O2  conftest.c >&5
configure:7280: $? = 0
configure:7280: result: yes
configure:7486: checking for objdir
configure:7501: result: .libs
configure:7768: checking if gcc supports -fno-rtti -fno-exceptions
configure:7786: gcc -c -g -O2  -fno-rtti -fno-exceptions conftest.c >&5
cc1: warning: command line option '-fno-rtti' is valid for C++/ObjC++ but not for C [enabled by default]
configure:7790: $? = 0
configure:7803: result: no
configure:8130: checking for gcc option to produce PIC
configure:8137: result: -fPIC -DPIC
configure:8145: checking if gcc PIC flag -fPIC -DPIC works
configure:8163: gcc -c -g -O2  -fPIC -DPIC -DPIC conftest.c >&5
configure:8167: $? = 0
configure:8180: result: yes
configure:8209: checking if gcc static flag -static works
configure:8237: result: yes
configure:8252: checking if gcc supports -c -o file.o
configure:8273: gcc -c -g -O2  -o out/conftest2.o conftest.c >&5
configure:8277: $? = 0
configure:8299: result: yes
configure:8307: checking if gcc supports -c -o file.o
configure:8354: result: yes
configure:8387: checking whether the gcc linker (/usr/bin/ld) supports shared libraries
configure:9540: result: yes
configure:9577: checking whether -lc should be explicitly linked in
configure:9585: gcc -c -g -O2  conftest.c >&5
configure:9588: $? = 0
configure:9603: gcc -shared  -fPIC -DPIC conftest.o  -v -Wl,-soname -Wl,conftest -o conftest 2\>\&1 \| /usr/bin/grep  -lc  \>/dev/null 2\>\&1
configure:9606: $? = 0
configure:9620: result: no
configure:9780: checking dynamic linker characteristics
configure:10291: gcc -o conftest -g -O2   -Wl,-rpath -Wl,/foo conftest.c  >&5
configure:10291: $? = 0
configure:10513: result: GNU/Linux ld.so
configure:10620: checking how to hardcode library paths into programs
configure:10645: result: immediate
configure:11185: checking whether stripping libraries is possible
configure:11190: result: yes
configure:11225: checking if libtool supports shared libraries
configure:11227: result: yes
configure:11230: checking whether to build shared libraries
configure:11251: result: yes
configure:11254: checking whether to build static libraries
configure:11258: result: yes
configure:11298: checking for doxygen
configure:11316: found /usr/bin/doxygen
configure:11329: result: /usr/bin/doxygen
configure:11393: checking sys/inotify.h usability
configure:11393: gcc -c -g -O2  conftest.c >&5
configure:11393: $? = 0
configure:11393: result: yes
configure:11393: checking sys/inotify.h presence
configure:11393: gcc -E  conftest.c
configure:11393: $? = 0
configure:11393: result: yes
configure:11393: checking for sys/inotify.h
configure:11393: result: yes
configure:11393: checking mcheck.h usability
configure:11393: gcc -c -g -O2  conftest.c >&5
configure:11393: $? = 0
configure:11393: result: yes
configure:11393: checking mcheck.h presence
configure:11393: gcc -E  conftest.c
configure:11393: $? = 0
configure:11393: result: yes
configure:11393: checking for mcheck.h
configure:11393: result: yes
configure:11409: checking whether sys/inotify.h actually works
configure:11423: gcc -c -g -O2  conftest.c >&5
configure:11423: $? = 0
configure:11424: result: yup
configure:11438: checking for an ANSI C-conforming const
configure:11503: gcc -c -g -O2  conftest.c >&5
configure:11503: $? = 0
configure:11510: result: yes
configure:11518: checking for inline
configure:11534: gcc -c -g -O2  conftest.c >&5
configure:11534: $? = 0
configure:11542: result: inline
configure:11708: creating ./config.status

## ---------------------- ##
## Running config.status. ##
## ---------------------- ##

This file was extended by inotify-tools config.status 3.14, which was
generated by GNU Autoconf 2.68.  Invocation command line was

  CONFIG_FILES    = 
  CONFIG_HEADERS  = 
  CONFIG_LINKS    = 
  CONFIG_COMMANDS = 
  $ ./config.status 

on erik-laptop

config.status:1103: creating Makefile
config.status:1103: creating src/Makefile
config.status:1103: creating man/Makefile
config.status:1103: creating libinotifytools/Makefile
config.status:1103: creating libinotifytools/src/Makefile
config.status:1103: creating libinotifytools/src/inotifytools/Makefile
config.status:1103: creating config.h
config.status:1284: config.h is unchanged
config.status:1103: creating libinotifytools/src/inotifytools/inotify.h
config.status:1284: libinotifytools/src/inotifytools/inotify.h is unchanged
config.status:1332: executing depfiles commands
config.status:1332: executing libtool commands

## ---------------- ##
## Cache variables. ##
## ---------------- ##

ac_cv_build=i686-pc-linux-gnu
ac_cv_c_compiler_gnu=yes
ac_cv_c_const=yes
ac_cv_c_inline=inline
ac_cv_env_CC_set=
ac_cv_env_CC_value=
ac_cv_env_CFLAGS_set=
ac_cv_env_CFLAGS_value=
ac_cv_env_CPPFLAGS_set=
ac_cv_env_CPPFLAGS_value=
ac_cv_env_CPP_set=
ac_cv_env_CPP_value=
ac_cv_env_LDFLAGS_set=
ac_cv_env_LDFLAGS_value=
ac_cv_env_LIBS_set=
ac_cv_env_LIBS_value=
ac_cv_env_build_alias_set=
ac_cv_env_build_alias_value=
ac_cv_env_host_alias_set=
ac_cv_env_host_alias_value=
ac_cv_env_target_alias_set=
ac_cv_env_target_alias_value=
ac_cv_header_dlfcn_h=yes
ac_cv_header_inttypes_h=yes
ac_cv_header_mcheck_h=yes
ac_cv_header_memory_h=yes
ac_cv_header_stdc=yes
ac_cv_header_stdint_h=yes
ac_cv_header_stdlib_h=yes
ac_cv_header_string_h=yes
ac_cv_header_strings_h=yes
ac_cv_header_sys_inotify_h=yes
ac_cv_header_sys_stat_h=yes
ac_cv_header_sys_types_h=yes
ac_cv_header_unistd_h=yes
ac_cv_host=i686-pc-linux-gnu
ac_cv_objext=o
ac_cv_path_DOXYGEN=/usr/bin/doxygen
ac_cv_path_EGREP='/usr/bin/grep -E'
ac_cv_path_FGREP='/usr/bin/grep -F'
ac_cv_path_GREP=/usr/bin/grep
ac_cv_path_SED=/bin/sed
ac_cv_path_install='/usr/bin/install -c'
ac_cv_path_mkdir=/usr/bin/mkdir
ac_cv_prog_AWK=gawk
ac_cv_prog_CPP='gcc -E'
ac_cv_prog_ac_ct_AR=ar
ac_cv_prog_ac_ct_CC=gcc
ac_cv_prog_ac_ct_OBJDUMP=objdump
ac_cv_prog_ac_ct_RANLIB=ranlib
ac_cv_prog_ac_ct_STRIP=strip
ac_cv_prog_cc_c89=
ac_cv_prog_cc_g=yes
ac_cv_prog_make_make_set=yes
am_cv_CC_dependencies_compiler_type=gcc3
lt_cv_ar_at_file=@
lt_cv_archive_cmds_need_lc=no
lt_cv_deplibs_check_method=pass_all
lt_cv_file_magic_cmd='$MAGIC_CMD'
lt_cv_file_magic_test_file=
lt_cv_ld_reload_flag=-r
lt_cv_nm_interface='BSD nm'
lt_cv_objdir=.libs
lt_cv_path_LD=/usr/bin/ld
lt_cv_path_NM='/usr/bin/nm -B'
lt_cv_path_mainfest_tool=no
lt_cv_prog_compiler_c_o=yes
lt_cv_prog_compiler_pic='-fPIC -DPIC'
lt_cv_prog_compiler_pic_works=yes
lt_cv_prog_compiler_rtti_exceptions=no
lt_cv_prog_compiler_static_works=yes
lt_cv_prog_gnu_ld=yes
lt_cv_sharedlib_from_linklib_cmd='printf %s\n'
lt_cv_shlibpath_overrides_runpath=no
lt_cv_sys_global_symbol_pipe='sed -n -e '\''s/^.*[	 ]\([ABCDGIRSTW][ABCDGIRSTW]*\)[	 ][	 ]*\([_A-Za-z][_A-Za-z0-9]*\)$/\1 \2 \2/p'\'' | sed '\''/ __gnu_lto/d'\'''
lt_cv_sys_global_symbol_to_c_name_address='sed -n -e '\''s/^: \([^ ]*\)[ ]*$/  {\"\1\", (void *) 0},/p'\'' -e '\''s/^[ABCDGIRSTW]* \([^ ]*\) \([^ ]*\)$/  {"\2", (void *) \&\2},/p'\'''
lt_cv_sys_global_symbol_to_c_name_address_lib_prefix='sed -n -e '\''s/^: \([^ ]*\)[ ]*$/  {\"\1\", (void *) 0},/p'\'' -e '\''s/^[ABCDGIRSTW]* \([^ ]*\) \(lib[^ ]*\)$/  {"\2", (void *) \&\2},/p'\'' -e '\''s/^[ABCDGIRSTW]* \([^ ]*\) \([^ ]*\)$/  {"lib\2", (void *) \&\2},/p'\'''
lt_cv_sys_global_symbol_to_cdecl='sed -n -e '\''s/^T .* \(.*\)$/extern int \1();/p'\'' -e '\''s/^[ABCDGIRSTW]* .* \(.*\)$/extern char \1;/p'\'''
lt_cv_sys_max_cmd_len=1572864
lt_cv_to_host_file_cmd=func_convert_file_noop
lt_cv_to_tool_file_cmd=func_convert_file_noop

## ----------------- ##
## Output variables. ##
## ----------------- ##

ACLOCAL='${SHELL} /home/erik/projects/open_drop_box/utils/inotify-tools/missing --run aclocal-1.11'
AMDEPBACKSLASH='\'
AMDEP_FALSE='#'
AMDEP_TRUE=''
AMTAR='$${TAR-tar}'
AR='ar'
AUTOCONF='${SHELL} /home/erik/projects/open_drop_box/utils/inotify-tools/missing --run autoconf'
AUTOHEADER='${SHELL} /home/erik/projects/open_drop_box/utils/inotify-tools/missing --run autoheader'
AUTOMAKE='${SHELL} /home/erik/projects/open_drop_box/utils/inotify-tools/missing --run automake-1.11'
AWK='gawk'
CC='gcc'
CCDEPMODE='depmode=gcc3'
CFLAGS='-g -O2'
CPP='gcc -E'
CPPFLAGS=''
CYGPATH_W='echo'
DEFS='-DHAVE_CONFIG_H'
DEPDIR='.deps'
DLLTOOL='false'
DOXYGEN='/usr/bin/doxygen'
DOXYGEN_ENABLE_FALSE='#'
DOXYGEN_ENABLE_TRUE=''
DSYMUTIL=''
DUMPBIN=''
ECHO_C=''
ECHO_N='-n'
ECHO_T=''
EGREP='/usr/bin/grep -E'
EXEEXT=''
FGREP='/usr/bin/grep -F'
GREP='/usr/bin/grep'
INSTALL_DATA='${INSTALL} -m 644'
INSTALL_PROGRAM='${INSTALL}'
INSTALL_SCRIPT='${INSTALL}'
INSTALL_STRIP_PROGRAM='$(install_sh) -c -s'
LD='/usr/bin/ld'
LDFLAGS=''
LIBOBJS=''
LIBS=''
LIBTOOL='$(SHELL) $(top_builddir)/libtool'
LIPO=''
LN_S='ln -s'
LTLIBOBJS=''
MAKEINFO='${SHELL} /home/erik/projects/open_drop_box/utils/inotify-tools/missing --run makeinfo'
MANIFEST_TOOL=':'
MKDIR_P='/usr/bin/mkdir -p'
NM='/usr/bin/nm -B'
NMEDIT=''
OBJDUMP='objdump'
OBJEXT='o'
OTOOL64=''
OTOOL=''
PACKAGE='inotify-tools'
PACKAGE_BUGREPORT='rvoicilas@gmail.com'
PACKAGE_NAME='inotify-tools'
PACKAGE_STRING='inotify-tools 3.14'
PACKAGE_TARNAME='inotify-tools'
PACKAGE_URL=''
PACKAGE_VERSION='3.14'
PATH_SEPARATOR=':'
RANLIB='ranlib'
SED='/bin/sed'
SET_MAKE=''
SHELL='/bin/sh'
STATIC_BINARY_ENABLE_FALSE=''
STATIC_BINARY_ENABLE_TRUE='#'
STRIP='strip'
VERSION='3.14'
ac_ct_AR='ar'
ac_ct_CC='gcc'
ac_ct_DUMPBIN=''
am__EXEEXT_FALSE=''
am__EXEEXT_TRUE='#'
am__fastdepCC_FALSE='#'
am__fastdepCC_TRUE=''
am__include='include'
am__isrc=''
am__leading_dot='.'
am__nodep='_no'
am__quote=''
am__tar='$${TAR-tar} chof - "$$tardir"'
am__untar='$${TAR-tar} xf -'
bindir='${exec_prefix}/bin'
build='i686-pc-linux-gnu'
build_alias=''
build_cpu='i686'
build_os='linux-gnu'
build_vendor='pc'
datadir='${datarootdir}'
datarootdir='${prefix}/share'
docdir='${datarootdir}/doc/${PACKAGE_TARNAME}'
dvidir='${docdir}'
exec_prefix='${prefix}'
host='i686-pc-linux-gnu'
host_alias=''
host_cpu='i686'
host_os='linux-gnu'
host_vendor='pc'
htmldir='${docdir}'
includedir='${prefix}/include'
infodir='${datarootdir}/info'
install_sh='${SHELL} /home/erik/projects/open_drop_box/utils/inotify-tools/install-sh'
libdir='${exec_prefix}/lib'
libexecdir='${exec_prefix}/libexec'
localedir='${datarootdir}/locale'
localstatedir='${prefix}/var'
mandir='${datarootdir}/man'
mkdir_p='/usr/bin/mkdir -p'
oldincludedir='/usr/include'
pdfdir='${docdir}'
prefix='/usr'
program_transform_name='s,x,x,'
psdir='${docdir}'
sbindir='${exec_prefix}/sbin'
sharedstatedir='${prefix}/com'
sysconfdir='${prefix}/etc'
target_alias=''

## ----------- ##
## confdefs.h. ##
## ----------- ##

/* confdefs.h */
#define PACKAGE_NAME "inotify-tools"
#define PACKAGE_TARNAME "inotify-tools"
#define PACKAGE_VERSION "3.14"
#define PACKAGE_STRING "inotify-tools 3.14"
#define PACKAGE_BUGREPORT "rvoicilas@gmail.com"
#define PACKAGE_URL ""
#define PACKAGE "inotify-tools"
#define VERSION "3.14"
#define _GNU_SOURCE /**/
#define STDC_HEADERS 1
#define HAVE_SYS_TYPES_H 1
#define HAVE_SYS_STAT_H 1
#define HAVE_STDLIB_H 1
#define HAVE_STRING_H 1
#define HAVE_MEMORY_H 1
#define HAVE_STRINGS_H 1
#define HAVE_INTTYPES_H 1
#define HAVE_STDINT_H 1
#define HAVE_UNISTD_H 1
#define HAVE_DLFCN_H 1
#define LT_OBJDIR ".libs/"
#define HAVE_SYS_INOTIFY_H 1
#define HAVE_MCHECK_H 1
#define SYS_INOTIFY_H_EXISTS_AND_WORKS 1

configure: exit 0
